Loading required package: methods

Attaching package: ‘dplyr’

The following objects are masked from ‘package:stats’:

    filter, lag

The following objects are masked from ‘package:base’:

    intersect, setdiff, setequal, union

                                n1r1 n1r3 n1r4       n2r1      n2r3       n2r4
dna_ChrSy.fgenesh.gene.1  0.00000000    0    0 0.00000000 0.0000000 0.00000000
dna_ChrSy.fgenesh.gene.10 0.00000000    0    0 0.00000000 0.0000000 0.00000000
dna_ChrSy.fgenesh.gene.11 0.00000000    0    0 0.00000000 0.0000000 0.00000000
dna_ChrSy.fgenesh.gene.13 0.06948626    0    0 0.00000000 0.2471499 0.04423363
dna_ChrSy.fgenesh.gene.14 0.02744160    0    0 0.03490359 0.0000000 0.00000000
dna_ChrSy.fgenesh.gene.15 0.00000000    0    0 0.00000000 0.0000000 0.00000000
                              n3r1       n3r2 n3r3      n4r1       n4r2 n4r3
dna_ChrSy.fgenesh.gene.1  0.000000 0.00000000    0 0.0000000 0.00000000    0
dna_ChrSy.fgenesh.gene.10 0.000000 0.03474444    0 0.0000000 0.00000000    0
dna_ChrSy.fgenesh.gene.11 0.000000 0.00000000    0 0.0000000 0.00000000    0
dna_ChrSy.fgenesh.gene.13 0.244868 0.14077555    0 0.5259969 0.04526241    0
dna_ChrSy.fgenesh.gene.14 0.000000 0.00000000    0 0.0000000 0.00000000    0
dna_ChrSy.fgenesh.gene.15 0.000000 0.00000000    0 0.0000000 0.00000000    0
Error in saveRDS(expressedGenesAll, paste0(outDir, "/expressedGenesAll.Rds")) : 
  object 'expressedGenesAll' not found
Execution halted
