Loading required package: Biobase
Loading required package: BiocGenerics
Loading required package: methods
Loading required package: parallel

Attaching package: ‘BiocGenerics’

The following objects are masked from ‘package:parallel’:

    clusterApply, clusterApplyLB, clusterCall, clusterEvalQ,
    clusterExport, clusterMap, parApply, parCapply, parLapply,
    parLapplyLB, parRapply, parSapply, parSapplyLB

The following object is masked from ‘package:stats’:

    xtabs

The following objects are masked from ‘package:base’:

    anyDuplicated, append, as.data.frame, as.vector, cbind, colnames,
    do.call, duplicated, eval, evalq, Filter, Find, get, intersect,
    is.unsorted, lapply, Map, mapply, match, mget, order, paste, pmax,
    pmax.int, pmin, pmin.int, Position, rank, rbind, Reduce, rep.int,
    rownames, sapply, setdiff, sort, table, tapply, union, unique,
    unlist, unsplit

Welcome to Bioconductor

    Vignettes contain introductory material; view with
    'browseVignettes()'. To cite Bioconductor, see
    'citation("Biobase")', and for packages 'citation("pkgname")'.

Loading required package: e1071
Loading required package: rJava
Loading required package: xlsxjars
Creating a generic function for ‘nchar’ from package ‘base’ in package ‘S4Vectors’
Loading required package: DESeq2
Loading required package: S4Vectors
Loading required package: stats4
Loading required package: IRanges
Loading required package: GenomicRanges
Loading required package: GenomeInfoDb
Loading required package: Rcpp
Loading required package: RcppArmadillo
'BiocParallel' did not register default BiocParallelParams:
  attempt to apply non-function
Error in print(ggplotClusters(clusters = c1, expressionMatrix = exprs(vg.s),  : 
  could not find function "ggplotClusters"
Execution halted
