Loading required package: methods
Loading required package: GenomicRanges
Loading required package: BiocGenerics
Loading required package: parallel

Attaching package: ‘BiocGenerics’

The following objects are masked from ‘package:parallel’:

    clusterApply, clusterApplyLB, clusterCall, clusterEvalQ,
    clusterExport, clusterMap, parApply, parCapply, parLapply,
    parLapplyLB, parRapply, parSapply, parSapplyLB

The following object is masked from ‘package:stats’:

    xtabs

The following objects are masked from ‘package:base’:

    anyDuplicated, append, as.data.frame, as.vector, cbind, colnames,
    do.call, duplicated, eval, evalq, Filter, Find, get, intersect,
    is.unsorted, lapply, Map, mapply, match, mget, order, paste, pmax,
    pmax.int, pmin, pmin.int, Position, rank, rbind, Reduce, rep.int,
    rownames, sapply, setdiff, sort, table, tapply, union, unique,
    unlist, unsplit

Loading required package: S4Vectors
Loading required package: stats4
Creating a generic function for ‘nchar’ from package ‘base’ in package ‘S4Vectors’
Loading required package: IRanges
Loading required package: GenomeInfoDb
Error in reduce(split(gtf, elementMetadata(gtf)$gene_name)) : 
  error in evaluating the argument 'x' in selecting a method for function 'reduce': Error in (function (classes, fdef, mtable)  : 
  unable to find an inherited method for function ‘splitAsList’ for signature ‘"GRanges", "NULL"’
Calls: split -> split -> .local -> splitAsList -> <Anonymous>
Execution halted
