git branch: master
git hash: 0e4d925426418908d24c15602fbc48dee45be3af
R version 3.2.1 (2015-06-18)
Platform: x86_64-pc-linux-gnu (64-bit)
Running under: Ubuntu 14.04.2 LTS

locale:
 [1] LC_CTYPE=en_AU.UTF-8       LC_NUMERIC=C              
 [3] LC_TIME=en_AU.UTF-8        LC_COLLATE=en_AU.UTF-8    
 [5] LC_MONETARY=en_AU.UTF-8    LC_MESSAGES=en_AU.UTF-8   
 [7] LC_PAPER=en_AU.UTF-8       LC_NAME=C                 
 [9] LC_ADDRESS=C               LC_TELEPHONE=C            
[11] LC_MEASUREMENT=en_AU.UTF-8 LC_IDENTIFICATION=C       

attached base packages:
[1] methods   stats     graphics  grDevices utils     datasets  base     

loaded via a namespace (and not attached):
 [1] Rcpp_0.12.0               RColorBrewer_1.1-2       
 [3] futile.logger_1.4.1       plyr_1.8.3               
 [5] GenomeInfoDb_1.4.1        XVector_0.8.0            
 [7] futile.options_1.0.0      tools_3.2.1              
 [9] rpart_4.1-10              digest_0.6.8             
[11] RSQLite_1.0.0             annotate_1.46.1          
[13] gtable_0.1.2              lattice_0.20-33          
[15] DBI_0.3.1                 parallel_3.2.1           
[17] proto_0.3-10              RcppArmadillo_0.5.200.1.0
[19] gridExtra_2.0.0           genefilter_1.50.0        
[21] stringr_1.0.0             cluster_2.0.3            
[23] S4Vectors_0.6.2           IRanges_2.2.5            
[25] locfit_1.5-9.1            nnet_7.3-10              
[27] stats4_3.2.1              grid_3.2.1               
[29] Biobase_2.28.0            AnnotationDbi_1.30.1     
[31] XML_3.98-1.3              survival_2.38-3          
[33] BiocParallel_1.2.9        foreign_0.8-65           
[35] latticeExtra_0.6-26       Formula_1.2-1            
[37] geneplotter_1.46.0        DESeq2_1.8.1             
[39] ggplot2_1.0.1             reshape2_1.4.1           
[41] lambda.r_1.1.7            magrittr_1.5             
[43] scales_0.2.5              Hmisc_3.16-0             
[45] BiocGenerics_0.14.0       GenomicRanges_1.20.5     
[47] MASS_7.3-43               splines_3.2.1            
[49] xtable_1.7-4              colorspace_1.2-6         
[51] stringi_0.5-5             acepack_1.3-3.3          
[53] munsell_0.4.2            
